Using pre-set license
Built from '2020.3/staging' branch; Version is '2020.3.3f1 (76626098c1c4) revision 7758432'; Using compiler version '192528614'; Build Type 'Release'
OS: 'Windows 10 Enterprise LTSC 2019; OS build 17763.2061; Version 1809; 64bit' Language: 'ru' Physical Memory: 16343 MB
BatchMode: 1, IsHumanControllingUs: 0, StartBugReporterOnCrash: 0, Is64bit: 1, IsPro: 0

 COMMAND LINE ARGUMENTS:
C:\Program Files\Unity\Hub\Editor\2020.3.3f1\Editor\Unity.exe
-adb2
-batchMode
-noUpm
-name
AssetImportWorker0
-projectPath
E:/Unity projects/PRTF_sounds
-logFile
Logs/AssetImportWorker0.log
-srvPort
59038
Successfully changed project path to: E:/Unity projects/PRTF_sounds
E:/Unity projects/PRTF_sounds
Using Asset Import Pipeline V2.
Refreshing native plugins compatible for Editor in 32.72 ms, found 0 plugins.
Preloading 0 native plugins for Editor in 0.00 ms.
Initialize engine version: 2020.3.3f1 (76626098c1c4)
[Subsystems] Discovering subsystems at path C:/Program Files/Unity/Hub/Editor/2020.3.3f1/Editor/Data/Resources/UnitySubsystems
[Subsystems] Discovering subsystems at path E:/Unity projects/PRTF_sounds/Assets
GfxDevice: creating device client; threaded=0
Direct3D:
    Version:  Direct3D 11.0 [level 11.1]
    Renderer: NVIDIA GeForce GTX 970 (ID=0x13c2)
    Vendor:   
    VRAM:     4043 MB
    Driver:   30.0.14.9729
Initialize mono
Mono path[0] = 'C:/Program Files/Unity/Hub/Editor/2020.3.3f1/Editor/Data/Managed'
Mono path[1] = 'C:/Program Files/Unity/Hub/Editor/2020.3.3f1/Editor/Data/MonoBleedingEdge/lib/mono/unityjit'
Mono config path = 'C:/Program Files/Unity/Hub/Editor/2020.3.3f1/Editor/Data/MonoBleedingEdge/etc'
Using monoOptions --debugger-agent=transport=dt_socket,embedding=1,server=y,suspend=n,address=127.0.0.1:56104
Begin MonoManager ReloadAssembly
Registering precompiled unity dll's ...
Register platform support module: C:/Program Files/Unity/Hub/Editor/2020.3.3f1/Editor/Data/PlaybackEngines/WebGLSupport/UnityEditor.WebGL.Extensions.dll
Register platform support module: C:/Program Files/Unity/Hub/Editor/2020.3.3f1/Editor/Data/PlaybackEngines/WindowsStandaloneSupport/UnityEditor.WindowsStandalone.Extensions.dll
Registered in 0.001840 seconds.
Native extension for WindowsStandalone target not found
Native extension for WebGL target not found
Refreshing native plugins compatible for Editor in 31.63 ms, found 0 plugins.
Preloading 0 native plugins for Editor in 0.00 ms.
Invoked RoslynAnalysisRunner static constructor.
RoslynAnalysisRunner will not be running.
RoslynAnalysisRunner has terminated.
Mono: successfully reloaded assembly
- Completed reload, in  1.584 seconds
Platform modules already initialized, skipping
Registering precompiled user dll's ...
Registered in 0.000722 seconds.
Begin MonoManager ReloadAssembly
Native extension for WindowsStandalone target not found
Native extension for WebGL target not found
Refreshing native plugins compatible for Editor in 0.58 ms, found 0 plugins.
Preloading 0 native plugins for Editor in 0.00 ms.
Invoked RoslynAnalysisRunner static constructor.
RoslynAnalysisRunner will not be running.
RoslynAnalysisRunner has terminated.
Mono: successfully reloaded assembly
- Completed reload, in  1.272 seconds
Platform modules already initialized, skipping
========================================================================
Worker process is ready to serve import requests
Launched and connected shader compiler UnityShaderCompiler.exe after 0.05 seconds
Refreshing native plugins compatible for Editor in 0.35 ms, found 0 plugins.
Preloading 0 native plugins for Editor in 0.00 ms.
Unloading 1116 Unused Serialized files (Serialized files now loaded: 0)
System memory in use before: 57.5 MB.
System memory in use after: 57.6 MB.

Unloading 10 unused Assets to reduce memory usage. Loaded Objects now: 1560.
Total: 3.998900 ms (FindLiveObjects: 0.336100 ms CreateObjectMapping: 0.178700 ms MarkObjects: 3.338700 ms  DeleteObjects: 0.143500 ms)

========================================================================
Received Import Request.
  path: Assets/Free_Rocks/_prefabs
  artifactKey: Guid(679b61ddec5f9fd4f8a41b80cac9ed5c) Importer(815301076,1909f56bfc062723c751e8b465ee728b)
Start importing Assets/Free_Rocks/_prefabs using Guid(679b61ddec5f9fd4f8a41b80cac9ed5c) Importer(815301076,1909f56bfc062723c751e8b465ee728b)  -> (artifact id: '512fa89eefa18ca5f1d2046b6a1cdae2') in 0.005089 seconds
  Import took 0.008413 seconds .

========================================================================
Received Prepare
Refreshing native plugins compatible for Editor in 1.17 ms, found 0 plugins.
Preloading 0 native plugins for Editor in 0.00 ms.
Unloading 3 Unused Serialized files (Serialized files now loaded: 0)
System memory in use before: 35.3 MB.
System memory in use after: 35.4 MB.

Unloading 3 unused Assets to reduce memory usage. Loaded Objects now: 1560.
Total: 2.521800 ms (FindLiveObjects: 0.264500 ms CreateObjectMapping: 0.086900 ms MarkObjects: 2.060700 ms  DeleteObjects: 0.107800 ms)

========================================================================
Received Import Request.
  Time since last request: 5.256446 seconds.
  path: Assets/EmaceArt/NecroPoly Free
  artifactKey: Guid(bbb8d0f55339ac24892f0cecadf9fe26) Importer(815301076,1909f56bfc062723c751e8b465ee728b)
Start importing Assets/EmaceArt/NecroPoly Free using Guid(bbb8d0f55339ac24892f0cecadf9fe26) Importer(815301076,1909f56bfc062723c751e8b465ee728b)  -> (artifact id: '0da1835bb2189dd68beb575e25d7d06d') in 0.001602 seconds
  Import took 0.007764 seconds .

========================================================================
Received Import Request.
  Time since last request: 1.705346 seconds.
  path: Assets/EmaceArt/NecroPoly Free/Prefabs
  artifactKey: Guid(a228a613c9c1ef54ca3c58d98c66acb3) Importer(815301076,1909f56bfc062723c751e8b465ee728b)
Start importing Assets/EmaceArt/NecroPoly Free/Prefabs using Guid(a228a613c9c1ef54ca3c58d98c66acb3) Importer(815301076,1909f56bfc062723c751e8b465ee728b)  -> (artifact id: '0c9d946733dc9adb06c81d4d02e881aa') in 0.002048 seconds
  Import took 0.006812 seconds .

========================================================================
Received Import Request.
  Time since last request: 0.968772 seconds.
  path: Assets/EmaceArt/NecroPoly Free/Prefabs/Halloween
  artifactKey: Guid(e6986a6c8783bb34bb49c49074e381ac) Importer(815301076,1909f56bfc062723c751e8b465ee728b)
Start importing Assets/EmaceArt/NecroPoly Free/Prefabs/Halloween using Guid(e6986a6c8783bb34bb49c49074e381ac) Importer(815301076,1909f56bfc062723c751e8b465ee728b)  -> (artifact id: '77696079212365d2819c1ae1917a67fe') in 0.001361 seconds
  Import took 0.005420 seconds .

========================================================================
Received Import Request.
  Time since last request: 2.096354 seconds.
  path: Assets/EmaceArt/NecroPoly Free/Scenes
  artifactKey: Guid(d72a83ecae5fc5547bcece65f4adeac5) Importer(815301076,1909f56bfc062723c751e8b465ee728b)
Start importing Assets/EmaceArt/NecroPoly Free/Scenes using Guid(d72a83ecae5fc5547bcece65f4adeac5) Importer(815301076,1909f56bfc062723c751e8b465ee728b)  -> (artifact id: 'a23982ec377377203e8b8251d083fcad') in 0.001538 seconds
  Import took 0.005904 seconds .

========================================================================
Received Import Request.
  Time since last request: 14.207781 seconds.
  path: Assets/ModularFirstPersonController/FirstPersonController/CircleReticle.png
  artifactKey: Guid(be4ce60e2c9768c44b9b10b9c5258045) Importer(815301076,1909f56bfc062723c751e8b465ee728b)
Start importing Assets/ModularFirstPersonController/FirstPersonController/CircleReticle.png using Guid(be4ce60e2c9768c44b9b10b9c5258045) Importer(815301076,1909f56bfc062723c751e8b465ee728b)  -> (artifact id: '6f4a2b27e153e688e772279499adbc68') in 0.143243 seconds
  Import took 0.146570 seconds .

========================================================================
Received Import Request.
  Time since last request: 0.000205 seconds.
  path: Assets/ModularFirstPersonController/FirstPersonController/FirstPersonController.prefab
  artifactKey: Guid(6bacecc4f3df9584198879c73a6b6c36) Importer(815301076,1909f56bfc062723c751e8b465ee728b)
Start importing Assets/ModularFirstPersonController/FirstPersonController/FirstPersonController.prefab using Guid(6bacecc4f3df9584198879c73a6b6c36) Importer(815301076,1909f56bfc062723c751e8b465ee728b)  -> (artifact id: 'a4e31d216977318f88a06fb26c18bd9c') in 0.067750 seconds
  Import took 0.071836 seconds .

AssetImportWorkerClient::OnTransportError - code=2 error=End of file
